<?xml version="1.0" encoding="UTF-8"?>
<!-- Generated by org.testng.reporters.JUnitReportReporter -->
<testsuite skipped="0" hostname="Rohan-Laptop" name="demo.demo1" tests="1" failures="0" timestamp="2019-09-22T16:21:45 IST" time="0.022" errors="0">
  <testcase name="TestDemo" time="0.022" classname="demo.demo1"/>
</testsuite> <!-- demo.demo1 -->
